<?xml version="1.0" encoding="UTF-8"?>
<!-- Generated by org.testng.reporters.JUnitXMLReporter -->
<testsuite ignored="0" hostname="LX-BLR-LT-002" failures="1" tests="1" name="Test" time="12.088" errors="0" timestamp="2024-03-01T11:28:13 IST">
  <testcase classname="LinkCxoAndroidAppFramework.LinkCxoAndroidAppFramework.BaseTest" name="linkcxo" time="0.068">
    <failure type="java.lang.RuntimeException" message="java.lang.NoSuchMethodException: jdk.proxy2.$Proxy9.proxyClassLookup()">
      <![CDATA[java.lang.RuntimeException: java.lang.NoSuchMethodException: jdk.proxy2.$Proxy9.proxyClassLookup()
at io.appium.java_client.pagefactory.bys.builder.AppiumByBuilder.prepareAnnotationMethods(AppiumByBuilder.java:85)
at io.appium.java_client.pagefactory.bys.builder.AppiumByBuilder.getFilledValue(AppiumByBuilder.java:92)
at io.appium.java_client.pagefactory.bys.builder.AppiumByBuilder.createBy(AppiumByBuilder.java:148)
at io.appium.java_client.pagefactory.DefaultElementByBuilder.getBys(DefaultElementByBuilder.java:133)
at io.appium.java_client.pagefactory.DefaultElementByBuilder.buildMobileNativeBy(DefaultElementByBuilder.java:170)
at io.appium.java_client.pagefactory.DefaultElementByBuilder.buildBy(DefaultElementByBuilder.java:204)
at io.appium.java_client.pagefactory.AppiumElementLocatorFactory.createLocator(AppiumElementLocatorFactory.java:66)
at io.appium.java_client.pagefactory.AppiumElementLocatorFactory.createLocator(AppiumElementLocatorFactory.java:53)
at io.appium.java_client.pagefactory.AppiumElementLocatorFactory.createLocator(AppiumElementLocatorFactory.java:1)
at org.openqa.selenium.support.pagefactory.DefaultFieldDecorator.decorate(DefaultFieldDecorator.java:56)
at io.appium.java_client.pagefactory.AppiumFieldDecorator.decorate(AppiumFieldDecorator.java:154)
at org.openqa.selenium.support.PageFactory.proxyFields(PageFactory.java:113)
at org.openqa.selenium.support.PageFactory.initElements(PageFactory.java:105)
at com.linkcxo.pages.LoginPageViaEmail.<init>(LoginPageViaEmail.java:15)
at LinkCxoAndroidAppFramework.LinkCxoAndroidAppFramework.BaseTest.linkcxo(BaseTest.java:27)
at java.base/java.util.ArrayList.forEach(ArrayList.java:1511)
Caused by: java.lang.NoSuchMethodException: jdk.proxy2.$Proxy9.proxyClassLookup()
at java.base/java.lang.Class.getMethod(Class.java:2227)
at io.appium.java_client.pagefactory.bys.builder.AppiumByBuilder.prepareAnnotationMethods(AppiumByBuilder.java:83)
... 42 more
... Removed 27 stack frames]]>
    </failure>
  </testcase> <!-- linkcxo -->
</testsuite> <!-- Test -->
