<?xml version="1.0" encoding="UTF-8"?>
<testng-results ignored="0" total="1" passed="1" failed="0" skipped="0">
  <reporter-output>
  </reporter-output>
  <suite started-at="2024-03-01T12:43:29 IST" name="Default suite" finished-at="2024-03-01T12:43:46 IST" duration-ms="16836">
    <groups>
    </groups>
    <test started-at="2024-03-01T12:43:29 IST" name="Default test" finished-at="2024-03-01T12:43:46 IST" duration-ms="16836">
      <class name="LinkCxoAndroidAppFramework.LinkCxoAndroidAppFramework.BaseTest">
        <test-method is-config="true" signature="setup()[pri:0, instance:LinkCxoAndroidAppFramework.LinkCxoAndroidAppFramework.BaseTest@3ee37e5a]" started-at="2024-03-01T12:43:29 IST" name="setup" finished-at="2024-03-01T12:43:37 IST" duration-ms="8328" status="PASS">
          <reporter-output>
          </reporter-output>
        </test-method> <!-- setup -->
        <test-method signature="linkcxo()[pri:0, instance:LinkCxoAndroidAppFramework.LinkCxoAndroidAppFramework.BaseTest@3ee37e5a]" started-at="2024-03-01T12:43:37 IST" name="linkcxo" finished-at="2024-03-01T12:43:45 IST" duration-ms="8117" status="PASS">
          <reporter-output>
          </reporter-output>
        </test-method> <!-- linkcxo -->
        <test-method is-config="true" signature="teardown()[pri:0, instance:LinkCxoAndroidAppFramework.LinkCxoAndroidAppFramework.BaseTest@3ee37e5a]" started-at="2024-03-01T12:43:45 IST" name="teardown" finished-at="2024-03-01T12:43:46 IST" duration-ms="368" status="PASS">
          <reporter-output>
          </reporter-output>
        </test-method> <!-- teardown -->
      </class> <!-- LinkCxoAndroidAppFramework.LinkCxoAndroidAppFramework.BaseTest -->
    </test> <!-- Default test -->
  </suite> <!-- Default suite -->
</testng-results>
